<?xml version="1.0" encoding="UTF-8"?>
<!-- Generated by org.testng.reporters.JUnitReportReporter -->
<testsuite hostname="Ameyas-MBP.fritz.box" failures="0" tests="1" name="com.supriya.jbk.authentication.tests.DashboardTest" time="0.976" errors="0" timestamp="27 May 2025 12:29:18 GMT" skipped="0">
  <testcase classname="com.supriya.jbk.authentication.tests.DashboardTest" name="DashboardPageTest" time="0.976"/>
</testsuite> <!-- com.supriya.jbk.authentication.tests.DashboardTest -->
