<?xml version="1.0" encoding="UTF-8"?>
<!-- Generated by org.testng.reporters.JUnitReportReporter -->
<testsuite hostname="Ameyas-MBP.fritz.box" failures="0" tests="1" name="com.supriya.jbk.authentication.tests.RegisterTest" time="1.078" errors="0" timestamp="27 May 2025 12:16:29 GMT" skipped="0">
  <testcase classname="com.supriya.jbk.authentication.tests.RegisterTest" name="registerToApplicationTest" time="1.078"/>
</testsuite> <!-- com.supriya.jbk.authentication.tests.RegisterTest -->
