<?xml version="1.0" encoding="UTF-8"?>
<!-- Generated by org.testng.reporters.JUnitReportReporter -->
<testsuite hostname="Ameyas-MBP.fritz.box" failures="0" tests="1" name="com.supriya.jbk.authentication.tests.TestPage" time="1.231" errors="0" timestamp="27 May 2025 11:45:18 GMT" skipped="0">
  <testcase classname="com.supriya.jbk.authentication.tests.TestPage" name="DashboardPageTest" time="1.231"/>
</testsuite> <!-- com.supriya.jbk.authentication.tests.TestPage -->
